2024-09-20 11:02:59,606 - INFO - Initialized new Excel file with headers at C:\temp\profile_feedback.xlsx
2024-09-20 11:02:59,625 - INFO - Initialized new Excel file with headers at C:\temp\candidate_table.xlsx
2024-09-20 11:02:59,641 - INFO - Initialized new Excel file with headers at C:\temp\feedback_metrics.xlsx
2024-09-20 11:02:59,641 - INFO - Starting the email checker...
2024-09-20 11:02:59,642 - INFO - Checking for new emails...
2024-09-20 11:02:59,759 - ERROR - Error checking emails: (-2147352567, 'Exception occurred.', (4096, 'Microsoft Outlook', 'Array index out of bounds.', None, 0, -2147352567), None)
2024-09-20 11:03:04,765 - INFO - Checking for new emails...
2024-09-20 11:03:04,789 - ERROR - Error checking emails: (-2147352567, 'Exception occurred.', (4096, 'Microsoft Outlook', 'Array index out of bounds.', None, 0, -2147352567), None)
2024-09-20 11:03:09,800 - INFO - Checking for new emails...
2024-09-20 11:03:10,609 - ERROR - Error checking emails: (-2147352567, 'Exception occurred.', (4096, 'Microsoft Outlook', 'Array index out of bounds.', None, 0, -2147352567), None)
2024-09-20 11:03:15,657 - INFO - Checking for new emails...
2024-09-20 11:03:15,877 - ERROR - Error checking emails: (-2147352567, 'Exception occurred.', (4096, 'Microsoft Outlook', 'Array index out of bounds.', None, 0, -2147352567), None)
2024-09-20 11:03:20,891 - INFO - Checking for new emails...
2024-09-20 11:03:20,907 - ERROR - Error checking emails: (-2147352567, 'Exception occurred.', (4096, 'Microsoft Outlook', 'Array index out of bounds.', None, 0, -2147352567), None)
2024-09-20 11:03:25,918 - INFO - Checking for new emails...
2024-09-20 11:03:25,934 - ERROR - Error checking emails: (-2147352567, 'Exception occurred.', (4096, 'Microsoft Outlook', 'Array index out of bounds.', None, 0, -2147352567), None)
2024-09-20 11:03:30,941 - INFO - Checking for new emails...
2024-09-20 11:03:30,957 - ERROR - Error checking emails: (-2147352567, 'Exception occurred.', (4096, 'Microsoft Outlook', 'Array index out of bounds.', None, 0, -2147352567), None)
2024-09-20 11:03:35,983 - INFO - Checking for new emails...
2024-09-20 11:03:36,015 - ERROR - Error checking emails: (-2147352567, 'Exception occurred.', (4096, 'Microsoft Outlook', 'Array index out of bounds.', None, 0, -2147352567), None)
2024-09-20 11:03:41,029 - INFO - Checking for new emails...
2024-09-20 11:03:41,045 - ERROR - Error checking emails: (-2147352567, 'Exception occurred.', (4096, 'Microsoft Outlook', 'Array index out of bounds.', None, 0, -2147352567), None)
2024-09-20 11:03:46,059 - INFO - Checking for new emails...
2024-09-20 11:03:46,090 - ERROR - Error checking emails: (-2147352567, 'Exception occurred.', (4096, 'Microsoft Outlook', 'Array index out of bounds.', None, 0, -2147352567), None)
2024-09-20 11:03:51,091 - INFO - Checking for new emails...
2024-09-20 11:03:51,107 - ERROR - Error checking emails: (-2147352567, 'Exception occurred.', (4096, 'Microsoft Outlook', 'Array index out of bounds.', None, 0, -2147352567), None)
2024-09-20 11:03:56,114 - INFO - Checking for new emails...
2024-09-20 11:03:56,114 - ERROR - Error checking emails: (-2147352567, 'Exception occurred.', (4096, 'Microsoft Outlook', 'Array index out of bounds.', None, 0, -2147352567), None)
2024-09-20 11:04:01,144 - INFO - Checking for new emails...
2024-09-20 11:04:01,161 - ERROR - Error checking emails: (-2147352567, 'Exception occurred.', (4096, 'Microsoft Outlook', 'Array index out of bounds.', None, 0, -2147352567), None)
2024-09-20 11:04:06,170 - INFO - Checking for new emails...
2024-09-20 11:04:06,183 - ERROR - Error checking emails: (-2147352567, 'Exception occurred.', (4096, 'Microsoft Outlook', 'Array index out of bounds.', None, 0, -2147352567), None)
2024-09-20 11:04:11,197 - INFO - Checking for new emails...
2024-09-20 11:04:11,215 - ERROR - Error checking emails: (-2147352567, 'Exception occurred.', (4096, 'Microsoft Outlook', 'Array index out of bounds.', None, 0, -2147352567), None)
2024-09-20 11:04:16,223 - INFO - Checking for new emails...
2024-09-20 11:04:16,239 - ERROR - Error checking emails: (-2147352567, 'Exception occurred.', (4096, 'Microsoft Outlook', 'Array index out of bounds.', None, 0, -2147352567), None)
2024-09-20 11:04:21,254 - INFO - Checking for new emails...
2024-09-20 11:04:21,264 - ERROR - Error checking emails: (-2147352567, 'Exception occurred.', (4096, 'Microsoft Outlook', 'Array index out of bounds.', None, 0, -2147352567), None)
2024-09-20 11:04:26,273 - INFO - Checking for new emails...
2024-09-20 11:04:26,289 - ERROR - Error checking emails: (-2147352567, 'Exception occurred.', (4096, 'Microsoft Outlook', 'Array index out of bounds.', None, 0, -2147352567), None)
2024-09-20 11:04:31,299 - INFO - Checking for new emails...
2024-09-20 11:04:31,309 - ERROR - Error checking emails: (-2147352567, 'Exception occurred.', (4096, 'Microsoft Outlook', 'Array index out of bounds.', None, 0, -2147352567), None)
2024-09-20 11:04:36,314 - INFO - Checking for new emails...
2024-09-20 11:04:36,325 - ERROR - Error checking emails: (-2147352567, 'Exception occurred.', (4096, 'Microsoft Outlook', 'Array index out of bounds.', None, 0, -2147352567), None)
2024-09-20 11:04:41,336 - INFO - Checking for new emails...
2024-09-20 11:04:41,349 - ERROR - Error checking emails: (-2147352567, 'Exception occurred.', (4096, 'Microsoft Outlook', 'Array index out of bounds.', None, 0, -2147352567), None)
2024-09-20 11:04:46,366 - INFO - Checking for new emails...
2024-09-20 11:04:46,370 - ERROR - Error checking emails: (-2147352567, 'Exception occurred.', (4096, 'Microsoft Outlook', 'Array index out of bounds.', None, 0, -2147352567), None)
2024-09-20 11:04:51,384 - INFO - Checking for new emails...
2024-09-20 11:04:51,394 - ERROR - Error checking emails: (-2147352567, 'Exception occurred.', (4096, 'Microsoft Outlook', 'Array index out of bounds.', None, 0, -2147352567), None)
2024-09-20 11:04:56,396 - INFO - Checking for new emails...
2024-09-20 11:04:56,408 - ERROR - Error checking emails: (-2147352567, 'Exception occurred.', (4096, 'Microsoft Outlook', 'Array index out of bounds.', None, 0, -2147352567), None)
2024-09-20 11:05:01,420 - INFO - Checking for new emails...
2024-09-20 11:05:01,434 - ERROR - Error checking emails: (-2147352567, 'Exception occurred.', (4096, 'Microsoft Outlook', 'Array index out of bounds.', None, 0, -2147352567), None)
2024-09-20 11:05:06,446 - INFO - Checking for new emails...
2024-09-20 11:05:06,458 - ERROR - Error checking emails: (-2147352567, 'Exception occurred.', (4096, 'Microsoft Outlook', 'Array index out of bounds.', None, 0, -2147352567), None)
2024-09-20 11:05:11,473 - INFO - Checking for new emails...
2024-09-20 11:05:11,487 - ERROR - Error checking emails: (-2147352567, 'Exception occurred.', (4096, 'Microsoft Outlook', 'Array index out of bounds.', None, 0, -2147352567), None)
2024-09-20 11:05:16,495 - INFO - Checking for new emails...
2024-09-20 11:05:16,511 - ERROR - Error checking emails: (-2147352567, 'Exception occurred.', (4096, 'Microsoft Outlook', 'Array index out of bounds.', None, 0, -2147352567), None)
2024-09-20 11:05:21,524 - INFO - Checking for new emails...
2024-09-20 11:05:21,540 - ERROR - Error checking emails: (-2147352567, 'Exception occurred.', (4096, 'Microsoft Outlook', 'Array index out of bounds.', None, 0, -2147352567), None)
2024-09-20 11:05:26,546 - INFO - Checking for new emails...
2024-09-20 11:05:26,564 - ERROR - Error checking emails: (-2147352567, 'Exception occurred.', (4096, 'Microsoft Outlook', 'Array index out of bounds.', None, 0, -2147352567), None)
2024-09-20 11:05:31,571 - INFO - Checking for new emails...
2024-09-20 11:05:31,582 - ERROR - Error checking emails: (-2147352567, 'Exception occurred.', (4096, 'Microsoft Outlook', 'Array index out of bounds.', None, 0, -2147352567), None)
2024-09-20 11:05:36,585 - INFO - Checking for new emails...
2024-09-20 11:05:36,612 - ERROR - Error checking emails: (-2147352567, 'Exception occurred.', (4096, 'Microsoft Outlook', 'Array index out of bounds.', None, 0, -2147352567), None)
2024-09-20 11:05:41,625 - INFO - Checking for new emails...
2024-09-20 11:05:41,637 - ERROR - Error checking emails: (-2147352567, 'Exception occurred.', (4096, 'Microsoft Outlook', 'Array index out of bounds.', None, 0, -2147352567), None)
2024-09-20 11:05:46,644 - INFO - Checking for new emails...
2024-09-20 11:05:46,659 - ERROR - Error checking emails: (-2147352567, 'Exception occurred.', (4096, 'Microsoft Outlook', 'Array index out of bounds.', None, 0, -2147352567), None)
2024-09-20 11:05:51,674 - INFO - Checking for new emails...
2024-09-20 11:05:51,687 - ERROR - Error checking emails: (-2147352567, 'Exception occurred.', (4096, 'Microsoft Outlook', 'Array index out of bounds.', None, 0, -2147352567), None)
2024-09-20 11:05:56,697 - INFO - Checking for new emails...
2024-09-20 11:05:56,715 - ERROR - Error checking emails: (-2147352567, 'Exception occurred.', (4096, 'Microsoft Outlook', 'Array index out of bounds.', None, 0, -2147352567), None)
2024-09-20 11:06:01,717 - INFO - Checking for new emails...
2024-09-20 11:06:01,732 - ERROR - Error checking emails: (-2147352567, 'Exception occurred.', (4096, 'Microsoft Outlook', 'Array index out of bounds.', None, 0, -2147352567), None)
2024-09-20 11:06:06,738 - INFO - Checking for new emails...
2024-09-20 11:06:06,752 - ERROR - Error checking emails: (-2147352567, 'Exception occurred.', (4096, 'Microsoft Outlook', 'Array index out of bounds.', None, 0, -2147352567), None)
2024-09-20 11:06:11,763 - INFO - Checking for new emails...
2024-09-20 11:06:11,777 - ERROR - Error checking emails: (-2147352567, 'Exception occurred.', (4096, 'Microsoft Outlook', 'Array index out of bounds.', None, 0, -2147352567), None)
2024-09-20 11:06:16,784 - INFO - Checking for new emails...
2024-09-20 11:06:16,803 - ERROR - Error checking emails: (-2147352567, 'Exception occurred.', (4096, 'Microsoft Outlook', 'Array index out of bounds.', None, 0, -2147352567), None)
2024-09-20 11:06:21,819 - INFO - Checking for new emails...
2024-09-20 11:06:21,832 - ERROR - Error checking emails: (-2147352567, 'Exception occurred.', (4096, 'Microsoft Outlook', 'Array index out of bounds.', None, 0, -2147352567), None)
2024-09-20 11:06:26,839 - INFO - Checking for new emails...
2024-09-20 11:06:26,854 - ERROR - Error checking emails: (-2147352567, 'Exception occurred.', (4096, 'Microsoft Outlook', 'Array index out of bounds.', None, 0, -2147352567), None)
2024-09-20 11:06:31,857 - INFO - Checking for new emails...
2024-09-20 11:06:31,873 - ERROR - Error checking emails: (-2147352567, 'Exception occurred.', (4096, 'Microsoft Outlook', 'Array index out of bounds.', None, 0, -2147352567), None)
2024-09-20 11:06:36,877 - INFO - Checking for new emails...
2024-09-20 11:06:36,887 - ERROR - Error checking emails: (-2147352567, 'Exception occurred.', (4096, 'Microsoft Outlook', 'Array index out of bounds.', None, 0, -2147352567), None)
2024-09-20 11:06:41,890 - INFO - Checking for new emails...
2024-09-20 11:06:41,904 - ERROR - Error checking emails: (-2147352567, 'Exception occurred.', (4096, 'Microsoft Outlook', 'Array index out of bounds.', None, 0, -2147352567), None)
2024-09-20 11:06:46,912 - INFO - Checking for new emails...
2024-09-20 11:06:46,924 - ERROR - Error checking emails: (-2147352567, 'Exception occurred.', (4096, 'Microsoft Outlook', 'Array index out of bounds.', None, 0, -2147352567), None)
2024-09-20 11:06:51,937 - INFO - Checking for new emails...
2024-09-20 11:06:51,951 - ERROR - Error checking emails: (-2147352567, 'Exception occurred.', (4096, 'Microsoft Outlook', 'Array index out of bounds.', None, 0, -2147352567), None)
2024-09-20 11:06:56,957 - INFO - Checking for new emails...
2024-09-20 11:06:56,972 - ERROR - Error checking emails: (-2147352567, 'Exception occurred.', (4096, 'Microsoft Outlook', 'Array index out of bounds.', None, 0, -2147352567), None)
2024-09-20 11:07:01,985 - INFO - Checking for new emails...
2024-09-20 11:07:01,985 - ERROR - Error checking emails: (-2147352567, 'Exception occurred.', (4096, 'Microsoft Outlook', 'Array index out of bounds.', None, 0, -2147352567), None)
2024-09-20 11:07:07,016 - INFO - Checking for new emails...
2024-09-20 11:07:07,029 - ERROR - Error checking emails: (-2147352567, 'Exception occurred.', (4096, 'Microsoft Outlook', 'Array index out of bounds.', None, 0, -2147352567), None)
2024-09-20 11:07:12,041 - INFO - Checking for new emails...
2024-09-20 11:07:12,057 - ERROR - Error checking emails: (-2147352567, 'Exception occurred.', (4096, 'Microsoft Outlook', 'Array index out of bounds.', None, 0, -2147352567), None)
2024-09-20 11:07:17,065 - INFO - Checking for new emails...
2024-09-20 11:07:17,076 - ERROR - Error checking emails: (-2147352567, 'Exception occurred.', (4096, 'Microsoft Outlook', 'Array index out of bounds.', None, 0, -2147352567), None)
2024-09-20 11:07:22,084 - INFO - Checking for new emails...
2024-09-20 11:07:22,099 - ERROR - Error checking emails: (-2147352567, 'Exception occurred.', (4096, 'Microsoft Outlook', 'Array index out of bounds.', None, 0, -2147352567), None)
2024-09-20 11:07:27,104 - INFO - Checking for new emails...
2024-09-20 11:07:27,116 - ERROR - Error checking emails: (-2147352567, 'Exception occurred.', (4096, 'Microsoft Outlook', 'Array index out of bounds.', None, 0, -2147352567), None)
2024-09-20 11:07:32,125 - INFO - Checking for new emails...
2024-09-20 11:07:32,153 - ERROR - Error checking emails: (-2147352567, 'Exception occurred.', (4096, 'Microsoft Outlook', 'Array index out of bounds.', None, 0, -2147352567), None)
2024-09-20 11:07:37,168 - INFO - Checking for new emails...
2024-09-20 11:07:37,185 - ERROR - Error checking emails: (-2147352567, 'Exception occurred.', (4096, 'Microsoft Outlook', 'Array index out of bounds.', None, 0, -2147352567), None)
2024-09-20 11:07:42,195 - INFO - Checking for new emails...
2024-09-20 11:07:42,211 - ERROR - Error checking emails: (-2147352567, 'Exception occurred.', (4096, 'Microsoft Outlook', 'Array index out of bounds.', None, 0, -2147352567), None)
2024-09-20 11:07:47,223 - INFO - Checking for new emails...
2024-09-20 11:07:47,249 - ERROR - Error checking emails: (-2147352567, 'Exception occurred.', (4096, 'Microsoft Outlook', 'Array index out of bounds.', None, 0, -2147352567), None)
2024-09-20 11:07:52,255 - INFO - Checking for new emails...
2024-09-20 11:07:52,270 - ERROR - Error checking emails: (-2147352567, 'Exception occurred.', (4096, 'Microsoft Outlook', 'Array index out of bounds.', None, 0, -2147352567), None)
2024-09-20 11:07:57,281 - INFO - Checking for new emails...
2024-09-20 11:07:57,293 - ERROR - Error checking emails: (-2147352567, 'Exception occurred.', (4096, 'Microsoft Outlook', 'Array index out of bounds.', None, 0, -2147352567), None)
2024-09-20 11:08:02,308 - INFO - Checking for new emails...
2024-09-20 11:08:02,327 - ERROR - Error checking emails: (-2147352567, 'Exception occurred.', (4096, 'Microsoft Outlook', 'Array index out of bounds.', None, 0, -2147352567), None)
2024-09-20 11:08:02,328 - INFO - Calculating metrics and updating metrics Excel...
2024-09-20 11:08:02,456 - WARNING - No feedback data found to calculate metrics.
2024-09-20 11:08:02,473 - ERROR - No data found in C:\temp\feedback_metrics.xlsx
2024-09-20 11:08:17,497 - INFO - Checking for new emails...
2024-09-20 11:08:17,513 - ERROR - Error checking emails: (-2147352567, 'Exception occurred.', (4096, 'Microsoft Outlook', 'Array index out of bounds.', None, 0, -2147352567), None)
2024-09-20 11:08:22,520 - INFO - Checking for new emails...
2024-09-20 11:08:22,535 - ERROR - Error checking emails: (-2147352567, 'Exception occurred.', (4096, 'Microsoft Outlook', 'Array index out of bounds.', None, 0, -2147352567), None)
2024-09-20 11:08:27,540 - INFO - Checking for new emails...
2024-09-20 11:08:27,557 - ERROR - Error checking emails: (-2147352567, 'Exception occurred.', (4096, 'Microsoft Outlook', 'Array index out of bounds.', None, 0, -2147352567), None)
2024-09-20 11:08:32,565 - INFO - Checking for new emails...
2024-09-20 11:08:32,582 - ERROR - Error checking emails: (-2147352567, 'Exception occurred.', (4096, 'Microsoft Outlook', 'Array index out of bounds.', None, 0, -2147352567), None)
2024-09-20 11:08:37,591 - INFO - Checking for new emails...
2024-09-20 11:08:37,606 - ERROR - Error checking emails: (-2147352567, 'Exception occurred.', (4096, 'Microsoft Outlook', 'Array index out of bounds.', None, 0, -2147352567), None)
2024-09-20 11:08:41,830 - INFO - Initialized new Excel file with headers at C:\temp\profile_feedback.xlsx
2024-09-20 11:08:41,841 - INFO - Initialized new Excel file with headers at C:\temp\feedback_metrics.xlsx
2024-09-20 11:08:41,842 - INFO - Starting the email checker...
2024-09-20 11:08:41,842 - INFO - Checking for new emails...
2024-09-20 11:08:41,896 - INFO - No more unread emails to process.
2024-09-20 11:08:46,909 - INFO - Checking for new emails...
2024-09-20 11:08:46,937 - INFO - No more unread emails to process.
2024-09-20 11:08:51,947 - INFO - Checking for new emails...
2024-09-20 11:08:51,977 - INFO - No more unread emails to process.
2024-09-20 11:08:56,992 - INFO - Checking for new emails...
2024-09-20 11:08:57,024 - INFO - No more unread emails to process.
2024-09-20 11:09:02,033 - INFO - Checking for new emails...
2024-09-20 11:09:02,064 - INFO - No more unread emails to process.
2024-09-20 11:09:07,075 - INFO - Checking for new emails...
2024-09-20 11:09:07,106 - INFO - No more unread emails to process.
2024-09-20 11:09:12,121 - INFO - Checking for new emails...
2024-09-20 11:09:12,152 - INFO - No more unread emails to process.
2024-09-20 11:09:17,159 - INFO - Checking for new emails...
2024-09-20 11:09:17,206 - INFO - No more unread emails to process.
2024-09-20 11:09:22,222 - INFO - Checking for new emails...
2024-09-20 11:09:22,254 - INFO - No more unread emails to process.
2024-09-20 11:09:27,256 - INFO - Checking for new emails...
2024-09-20 11:09:27,289 - INFO - No more unread emails to process.
2024-09-20 11:09:32,302 - INFO - Checking for new emails...
2024-09-20 11:09:32,327 - INFO - No more unread emails to process.
2024-09-20 11:09:37,341 - INFO - Checking for new emails...
2024-09-20 11:09:37,369 - INFO - No more unread emails to process.
2024-09-20 11:09:42,382 - INFO - Checking for new emails...
2024-09-20 11:09:42,568 - INFO - Email saved as C:\temp\saved_emails\Amd AMD_1Rajesh_20240920_110925.msg
2024-09-20 11:09:42,571 - INFO - Processing email from nagaraju.l@lyptus-tech.com with subject: Amd, AMD_1,Rajesh
2024-09-20 11:09:42,572 - INFO - Processing as Feedback email
2024-09-20 11:09:42,573 - INFO - Candidate is rejected with reason:  job description: arm is seeking skilled, experienced, and highly motivated software test engineers to join our software engineering group
2024-09-20 11:09:42,574 - INFO - Appending data to C:\temp\profile_feedback.xlsx...
2024-09-20 11:09:42,684 - INFO - Data successfully appended to C:\temp\profile_feedback.xlsx
2024-09-20 11:09:42,684 - INFO - Feedback data appended to C:\temp\profile_feedback.xlsx
2024-09-20 11:09:42,688 - INFO - Email marked as read
2024-09-20 11:09:42,703 - INFO - No more unread emails to process.
2024-09-20 11:09:47,708 - INFO - Checking for new emails...
2024-09-20 11:09:47,735 - INFO - No more unread emails to process.
2024-09-20 11:09:52,746 - INFO - Checking for new emails...
2024-09-20 11:09:52,773 - INFO - No more unread emails to process.
2024-09-20 11:09:57,778 - INFO - Checking for new emails...
2024-09-20 11:09:57,806 - INFO - No more unread emails to process.
2024-09-20 11:10:02,815 - INFO - Checking for new emails...
2024-09-20 11:10:02,844 - INFO - No more unread emails to process.
2024-09-20 11:10:07,848 - INFO - Checking for new emails...
2024-09-20 11:10:07,877 - INFO - No more unread emails to process.
2024-09-20 11:10:12,882 - INFO - Checking for new emails...
2024-09-20 11:10:12,914 - INFO - No more unread emails to process.
2024-09-20 11:10:17,931 - INFO - Checking for new emails...
2024-09-20 11:10:17,957 - INFO - No more unread emails to process.
2024-09-20 11:10:22,959 - INFO - Checking for new emails...
2024-09-20 11:10:22,987 - INFO - No more unread emails to process.
2024-09-20 11:10:27,997 - INFO - Checking for new emails...
2024-09-20 11:10:28,262 - INFO - No more unread emails to process.
2024-09-20 11:10:33,318 - INFO - Checking for new emails...
2024-09-20 11:10:33,350 - INFO - No more unread emails to process.
2024-09-20 11:10:38,352 - INFO - Checking for new emails...
2024-09-20 11:10:38,415 - INFO - No more unread emails to process.
2024-09-20 11:10:43,416 - INFO - Checking for new emails...
2024-09-20 11:10:43,451 - INFO - No more unread emails to process.
2024-09-20 11:10:48,453 - INFO - Checking for new emails...
2024-09-20 11:10:48,485 - INFO - No more unread emails to process.
2024-09-20 11:10:53,485 - INFO - Checking for new emails...
2024-09-20 11:10:53,516 - INFO - No more unread emails to process.
2024-09-20 11:10:58,520 - INFO - Checking for new emails...
2024-09-20 11:10:58,561 - INFO - No more unread emails to process.
2024-09-20 11:11:03,982 - INFO - Starting the email checker...
2024-09-20 11:11:03,982 - INFO - Checking for new emails...
2024-09-20 11:11:04,020 - INFO - No more unread emails to process.
2024-09-20 11:11:07,897 - INFO - Starting the email checker...
2024-09-20 11:11:07,897 - INFO - Checking for new emails...
2024-09-20 11:11:07,934 - INFO - No more unread emails to process.
2024-09-20 11:11:12,935 - INFO - Checking for new emails...
2024-09-20 11:11:12,989 - INFO - Email saved as C:\temp\saved_emails\Amd AMD_1Rajesh_20240920_111057.msg
2024-09-20 11:11:12,992 - INFO - Processing email from nagaraju.l@lyptus-tech.com with subject: Amd, AMD_1,Rajesh
2024-09-20 11:11:12,992 - INFO - Processing as Feedback email
2024-09-20 11:11:12,993 - INFO - Candidate is selected
2024-09-20 11:11:12,994 - INFO - Appending data to C:\temp\profile_feedback.xlsx...
2024-09-20 11:11:13,050 - INFO - Data successfully appended to C:\temp\profile_feedback.xlsx
2024-09-20 11:11:13,050 - INFO - Feedback data appended to C:\temp\profile_feedback.xlsx
2024-09-20 11:11:13,054 - INFO - Email marked as read
2024-09-20 11:11:13,067 - INFO - No more unread emails to process.
2024-09-20 11:11:18,080 - INFO - Checking for new emails...
2024-09-20 11:11:18,109 - INFO - No more unread emails to process.
2024-09-20 11:11:23,113 - INFO - Checking for new emails...
2024-09-20 11:11:23,142 - INFO - No more unread emails to process.
2024-09-20 11:11:28,154 - INFO - Checking for new emails...
2024-09-20 11:11:28,187 - INFO - No more unread emails to process.
2024-09-20 11:11:33,190 - INFO - Checking for new emails...
2024-09-20 11:11:33,206 - INFO - No more unread emails to process.
2024-09-20 11:11:38,211 - INFO - Checking for new emails...
2024-09-20 11:11:38,258 - INFO - No more unread emails to process.
2024-09-20 11:11:43,265 - INFO - Checking for new emails...
2024-09-20 11:11:43,294 - INFO - No more unread emails to process.
2024-09-20 11:11:48,312 - INFO - Checking for new emails...
2024-09-20 11:11:48,338 - INFO - No more unread emails to process.
2024-09-20 11:11:53,343 - INFO - Checking for new emails...
2024-09-20 11:11:53,369 - INFO - No more unread emails to process.
2024-09-20 11:11:58,371 - INFO - Checking for new emails...
2024-09-20 11:11:58,393 - INFO - No more unread emails to process.
2024-09-20 11:12:03,404 - INFO - Checking for new emails...
2024-09-20 11:12:03,430 - INFO - No more unread emails to process.
2024-09-20 11:12:08,436 - INFO - Checking for new emails...
2024-09-20 11:12:08,464 - INFO - No more unread emails to process.
2024-09-20 11:12:13,469 - INFO - Checking for new emails...
2024-09-20 11:12:13,495 - INFO - No more unread emails to process.
2024-09-20 11:12:18,499 - INFO - Checking for new emails...
2024-09-20 11:12:18,527 - INFO - No more unread emails to process.
2024-09-20 11:12:23,539 - INFO - Checking for new emails...
2024-09-20 11:12:23,566 - INFO - No more unread emails to process.
2024-09-20 11:12:28,578 - INFO - Checking for new emails...
2024-09-20 11:12:28,607 - INFO - No more unread emails to process.
2024-09-20 11:12:33,617 - INFO - Checking for new emails...
2024-09-20 11:12:33,670 - INFO - No more unread emails to process.
2024-09-20 11:12:38,687 - INFO - Checking for new emails...
2024-09-20 11:12:38,714 - INFO - No more unread emails to process.
2024-09-20 11:12:43,719 - INFO - Checking for new emails...
2024-09-20 11:12:43,747 - INFO - No more unread emails to process.
2024-09-20 11:12:48,765 - INFO - Checking for new emails...
2024-09-20 11:12:48,792 - INFO - No more unread emails to process.
2024-09-20 11:12:53,797 - INFO - Checking for new emails...
2024-09-20 11:12:53,861 - INFO - No more unread emails to process.
2024-09-20 11:12:58,877 - INFO - Checking for new emails...
2024-09-20 11:12:58,956 - INFO - No more unread emails to process.
2024-09-20 11:13:03,963 - INFO - Checking for new emails...
2024-09-20 11:13:04,034 - INFO - No more unread emails to process.
2024-09-20 11:13:09,047 - INFO - Checking for new emails...
2024-09-20 11:13:09,078 - INFO - No more unread emails to process.
2024-09-20 11:13:14,078 - INFO - Checking for new emails...
2024-09-20 11:13:14,158 - INFO - No more unread emails to process.
2024-09-20 11:13:19,160 - INFO - Checking for new emails...
2024-09-20 11:13:19,208 - INFO - No more unread emails to process.
2024-09-20 11:13:24,236 - INFO - Checking for new emails...
2024-09-20 11:13:24,300 - INFO - No more unread emails to process.
2024-09-20 11:13:29,325 - INFO - Checking for new emails...
2024-09-20 11:13:29,404 - INFO - No more unread emails to process.
2024-09-20 11:13:34,419 - INFO - Checking for new emails...
2024-09-20 11:13:34,451 - INFO - No more unread emails to process.
2024-09-20 11:13:39,451 - INFO - Checking for new emails...
2024-09-20 11:13:39,498 - INFO - No more unread emails to process.
2024-09-20 11:13:44,513 - INFO - Checking for new emails...
2024-09-20 11:13:44,544 - INFO - No more unread emails to process.
2024-09-20 11:13:49,555 - INFO - Checking for new emails...
2024-09-20 11:13:49,617 - INFO - No more unread emails to process.
2024-09-20 11:13:54,646 - INFO - Checking for new emails...
2024-09-20 11:13:54,724 - INFO - No more unread emails to process.
2024-09-20 11:13:59,737 - INFO - Checking for new emails...
2024-09-20 11:13:59,800 - INFO - No more unread emails to process.
2024-09-20 11:14:04,817 - INFO - Checking for new emails...
2024-09-20 11:14:04,880 - INFO - No more unread emails to process.
2024-09-20 11:14:09,882 - INFO - Checking for new emails...
2024-09-20 11:14:09,962 - INFO - No more unread emails to process.
2024-09-20 11:14:14,964 - INFO - Checking for new emails...
2024-09-20 11:14:15,011 - INFO - No more unread emails to process.
2024-09-20 11:14:20,026 - INFO - Checking for new emails...
2024-09-20 11:14:20,058 - INFO - No more unread emails to process.
2024-09-20 11:14:25,061 - INFO - Checking for new emails...
2024-09-20 11:14:25,108 - INFO - No more unread emails to process.
2024-09-20 11:14:30,109 - INFO - Checking for new emails...
2024-09-20 11:14:30,140 - INFO - No more unread emails to process.
2024-09-20 11:14:35,150 - INFO - Checking for new emails...
2024-09-20 11:14:35,197 - INFO - No more unread emails to process.
2024-09-20 11:14:40,199 - INFO - Checking for new emails...
2024-09-20 11:14:40,278 - INFO - No more unread emails to process.
2024-09-20 11:14:45,293 - INFO - Checking for new emails...
2024-09-20 11:14:45,308 - INFO - No more unread emails to process.
2024-09-20 11:14:50,310 - INFO - Checking for new emails...
2024-09-20 11:14:50,336 - INFO - No more unread emails to process.
2024-09-20 11:14:55,340 - INFO - Checking for new emails...
2024-09-20 11:14:55,370 - INFO - No more unread emails to process.
2024-09-20 11:15:00,376 - INFO - Checking for new emails...
2024-09-20 11:15:00,405 - INFO - No more unread emails to process.
2024-09-20 11:15:05,414 - INFO - Checking for new emails...
2024-09-20 11:15:05,445 - INFO - No more unread emails to process.
2024-09-20 11:15:10,462 - INFO - Checking for new emails...
2024-09-20 11:15:10,521 - INFO - No more unread emails to process.
2024-09-20 11:15:15,529 - INFO - Checking for new emails...
2024-09-20 11:15:15,564 - INFO - No more unread emails to process.
2024-09-20 11:15:20,569 - INFO - Checking for new emails...
2024-09-20 11:15:20,599 - INFO - No more unread emails to process.
2024-09-20 11:15:25,603 - INFO - Checking for new emails...
2024-09-20 11:15:25,630 - INFO - No more unread emails to process.
2024-09-20 11:15:30,636 - INFO - Checking for new emails...
2024-09-20 11:15:30,670 - INFO - No more unread emails to process.
2024-09-20 11:15:35,687 - INFO - Checking for new emails...
2024-09-20 11:15:35,714 - INFO - No more unread emails to process.
2024-09-20 11:15:40,724 - INFO - Checking for new emails...
2024-09-20 11:15:40,750 - INFO - No more unread emails to process.
2024-09-20 11:15:45,755 - INFO - Checking for new emails...
2024-09-20 11:15:45,784 - INFO - No more unread emails to process.
2024-09-20 11:15:50,790 - INFO - Checking for new emails...
2024-09-20 11:15:50,820 - INFO - No more unread emails to process.
2024-09-20 11:15:55,828 - INFO - Checking for new emails...
2024-09-20 11:15:55,869 - INFO - No more unread emails to process.
2024-09-20 11:16:00,879 - INFO - Checking for new emails...
2024-09-20 11:16:00,915 - INFO - No more unread emails to process.
2024-09-20 11:16:05,923 - INFO - Checking for new emails...
2024-09-20 11:16:05,955 - INFO - No more unread emails to process.
2024-09-20 11:16:10,961 - INFO - Checking for new emails...
2024-09-20 11:16:10,992 - INFO - No more unread emails to process.
2024-09-20 11:16:10,994 - INFO - Calculating metrics and updating metrics Excel...
2024-09-20 11:16:11,055 - INFO - Appending data to C:\temp\feedback_metrics.xlsx...
2024-09-20 11:16:11,110 - INFO - Data successfully appended to C:\temp\feedback_metrics.xlsx
2024-09-20 11:16:11,110 - INFO - Metrics data appended to C:\temp\feedback_metrics.xlsx
2024-09-20 11:16:11,139 - WARNING - INT_1 not found in metrics, adding with zero profiles received.
2024-09-20 11:16:11,171 - WARNING - QUAL_1 not found in metrics, adding with zero profiles received.
2024-09-20 11:16:11,206 - ERROR - Failed to send feedback metrics email: (-2147352567, 'Exception occurred.', (4096, 'Microsoft Outlook', 'Array index out of bounds.', None, 0, -2147352567), None)
2024-09-20 11:17:16,763 - INFO - Starting the email checker...
2024-09-20 11:17:16,763 - INFO - Checking for new emails...
2024-09-20 11:17:16,838 - INFO - No more unread emails to process.
2024-09-20 11:17:21,849 - INFO - Checking for new emails...
2024-09-20 11:17:21,885 - INFO - No more unread emails to process.
2024-09-20 11:17:26,895 - INFO - Checking for new emails...
2024-09-20 11:17:26,933 - INFO - No more unread emails to process.
2024-09-20 11:17:31,944 - INFO - Checking for new emails...
2024-09-20 11:17:32,010 - INFO - No more unread emails to process.
2024-09-20 11:17:37,016 - INFO - Checking for new emails...
2024-09-20 11:17:37,049 - INFO - No more unread emails to process.
2024-09-20 11:17:42,058 - INFO - Checking for new emails...
2024-09-20 11:17:42,121 - INFO - No more unread emails to process.
2024-09-20 11:17:47,125 - INFO - Checking for new emails...
2024-09-20 11:17:47,171 - INFO - No more unread emails to process.
2024-09-20 11:17:52,181 - INFO - Checking for new emails...
2024-09-20 11:17:52,225 - INFO - No more unread emails to process.
2024-09-20 11:17:57,228 - INFO - Checking for new emails...
2024-09-20 11:17:57,263 - INFO - No more unread emails to process.
2024-09-20 11:18:02,271 - INFO - Checking for new emails...
2024-09-20 11:18:02,304 - INFO - No more unread emails to process.
2024-09-20 11:18:07,318 - INFO - Checking for new emails...
2024-09-20 11:18:07,370 - INFO - No more unread emails to process.
2024-09-20 11:18:12,374 - INFO - Checking for new emails...
2024-09-20 11:18:12,441 - INFO - No more unread emails to process.
2024-09-20 11:18:17,455 - INFO - Checking for new emails...
2024-09-20 11:18:17,485 - INFO - No more unread emails to process.
2024-09-20 11:18:22,499 - INFO - Checking for new emails...
2024-09-20 11:18:22,538 - INFO - No more unread emails to process.
2024-09-20 11:18:27,556 - INFO - Checking for new emails...
2024-09-20 11:18:27,591 - INFO - No more unread emails to process.
2024-09-20 11:18:32,600 - INFO - Checking for new emails...
2024-09-20 11:18:32,630 - INFO - No more unread emails to process.
2024-09-20 11:18:37,635 - INFO - Checking for new emails...
2024-09-20 11:18:37,662 - INFO - No more unread emails to process.
2024-09-20 11:18:42,671 - INFO - Checking for new emails...
2024-09-20 11:18:42,703 - INFO - No more unread emails to process.
2024-09-20 11:18:47,709 - INFO - Checking for new emails...
2024-09-20 11:18:47,755 - INFO - No more unread emails to process.
2024-09-20 11:18:52,760 - INFO - Checking for new emails...
2024-09-20 11:18:52,796 - INFO - No more unread emails to process.
2024-09-20 11:18:57,811 - INFO - Checking for new emails...
2024-09-20 11:18:57,864 - INFO - No more unread emails to process.
2024-09-20 11:19:02,877 - INFO - Checking for new emails...
2024-09-20 11:19:02,912 - INFO - No more unread emails to process.
2024-09-20 11:19:07,926 - INFO - Checking for new emails...
2024-09-20 11:19:07,963 - INFO - No more unread emails to process.
